2019-01-03 17:51:51.581330
MARSEILLE
 Height = 0.048
2019-01-03 17:51:52.339193
ARCACHON (EYRAC)
 Height = 0.066
2019-01-03 17:51:53.088004
LE HAVRE
 Height = -0.84
2019-01-04 16:35:19.937377
MARSEILLE
 Height = -0.006
2019-01-04 16:35:21.426197
ARCACHON (EYRAC)
 Height = 1.286
2019-01-04 16:35:22.177934
LE HAVRE
 Height = -3.04
2019-01-04 16:51:16.677440
MARSEILLE
 Height = 0.001
2019-01-04 16:51:22.454552
ARCACHON (EYRAC)
 Height = 1.182
2019-01-04 16:51:23.207728
LE HAVRE
 Height = -2.983
2019-01-04 16:54:10.797479
MARSEILLE
 Height = 0.002
2019-01-04 16:54:11.575572
ARCACHON (EYRAC)
 Height = 1.161
2019-01-04 16:54:12.310885
LE HAVRE
 Height = -2.965
2019-01-04 16:54:47.988490
MARSEILLE
 Height = 0.003
2019-01-04 16:54:48.737670
ARCACHON (EYRAC)
 Height = 1.157
2019-01-04 16:54:49.487218
LE HAVRE
 Height = -2.961
2019-01-04 17:01:31.521879
MARSEILLE
 Height = 0.006
2019-01-04 17:01:38.319190
ARCACHON (EYRAC)
 Height = 1.103
2019-01-04 17:01:39.068786
LE HAVRE
 Height = -2.908
2019-01-04 17:03:40.138992
MARSEILLE
 Height = 0.007
2019-01-04 17:03:40.880274
ARCACHON (EYRAC)
 Height = 1.087
2019-01-04 17:03:41.613440
LE HAVRE
 Height = -2.89
2019-01-04 17:10:32.050243
MARSEILLE
 Height = 0.01
2019-01-04 17:10:32.988577
ARCACHON (EYRAC)
 Height = 1.028
2019-01-04 17:10:33.750533
LE HAVRE
 Height = -2.82
2019-01-04 17:11:34.561993
MARSEILLE
 Height = 0.01
2019-01-04 17:11:35.333313
ARCACHON (EYRAC)
 Height = 1.019
2019-01-04 17:11:36.067596
LE HAVRE
 Height = -2.808
2019-01-04 17:12:36.894680
MARSEILLE
 Height = 0.011
2019-01-04 17:12:37.634016
ARCACHON (EYRAC)
 Height = 1.01
2019-01-04 17:12:38.398098
LE HAVRE
 Height = -2.796
2019-01-04 17:13:39.222071
MARSEILLE
 Height = 0.011
2019-01-04 17:13:39.965293
2019-01-04 17:13:46.066190
MARSEILLE
 Height = 0.011
2019-01-04 17:13:46.812647
ARCACHON (EYRAC)
 Height = 1
2019-01-04 17:13:47.560177
LE HAVRE
 Height = -2.782
2019-01-04 17:14:30.545930
MARSEILLE
 Height = 0.012
2019-01-04 17:14:31.312371
ARCACHON (EYRAC)
 Height = 0.993
2019-01-04 17:14:32.055452
LE HAVRE
 Height = -2.773
2019-01-04 20:35:52.654165
MARSEILLE
 Height = 0.036
2019-01-04 20:35:58.463266
ARCACHON (EYRAC)
 Height = -1.226
2019-01-04 20:35:59.323299
LE HAVRE
 Height = 1.969
2019-01-04 20:51:55.278218
MARSEILLE
 Height = 0.03
2019-01-04 20:51:56.212897
ARCACHON (EYRAC)
 Height = -1.329
2019-01-04 20:51:56.963266
LE HAVRE
 Height = 2.197
2019-01-04 20:56:16.084975
MARSEILLE
 Height = 0.028
2019-01-04 20:56:16.838805
ARCACHON (EYRAC)
 Height = -1.353
2019-01-04 20:56:17.597443
LE HAVRE
 Height = 2.249
2019-01-04 20:57:18.461888
MARSEILLE
 Height = 0.027
2019-01-04 20:57:20.384182
ARCACHON (EYRAC)
 Height = -1.359
2019-01-04 20:57:21.317364
LE HAVRE
 Height = 2.261
2019-01-04 20:59:43.735674
MARSEILLE
 Height = 0.026
2019-01-04 20:59:44.501609
ARCACHON (EYRAC)
 Height = -1.371
2019-01-04 20:59:45.249359
LE HAVRE
 Height = 2.288
