2019-01-03 17:20:53.766019
LE HAVRE
 Temperature (in Celsius) = 5.04
 atmospheric pressure (in hPa unit) = 1041
 humidity (in percentage) = 86
2019-01-03 17:20:53.882790
BORDEAUX
 Temperature (in Celsius) = 7.56
 atmospheric pressure (in hPa unit) = 1034
 humidity (in percentage) = 56
2019-01-03 17:20:53.969673
MARSEILLE
 Temperature (in Celsius) = 8.55
 atmospheric pressure (in hPa unit) = 1027
 humidity (in percentage) = 49
2019-01-04 16:40:15.597803
LE HAVRE
 Temperature (in Celsius) = 5.36
 atmospheric pressure (in hPa unit) = 1040
 humidity (in percentage) = 80
2019-01-04 16:40:16.348327
BORDEAUX
 Temperature (in Celsius) = 6.0
 atmospheric pressure (in hPa unit) = 1036
 humidity (in percentage) = 56
2019-01-04 16:40:18.678244
MARSEILLE
 Temperature (in Celsius) = 8.81
 atmospheric pressure (in hPa unit) = 1030
 humidity (in percentage) = 52
2019-01-04 16:41:18.796654
LE HAVRE
 Temperature (in Celsius) = 5.36
 atmospheric pressure (in hPa unit) = 1040
 humidity (in percentage) = 80
2019-01-04 16:41:18.982057
BORDEAUX
 Temperature (in Celsius) = 6.0
 atmospheric pressure (in hPa unit) = 1036
 humidity (in percentage) = 56
2019-01-04 16:41:19.073625
MARSEILLE
 Temperature (in Celsius) = 8.81
 atmospheric pressure (in hPa unit) = 1030
 humidity (in percentage) = 52
2019-01-04 16:42:19.242356
LE HAVRE
 Temperature (in Celsius) = 5.36
 atmospheric pressure (in hPa unit) = 1040
 humidity (in percentage) = 80
2019-01-04 16:42:19.334262
BORDEAUX
 Temperature (in Celsius) = 6.0
 atmospheric pressure (in hPa unit) = 1036
 humidity (in percentage) = 56
2019-01-04 16:42:19.423215
MARSEILLE
 Temperature (in Celsius) = 8.81
 atmospheric pressure (in hPa unit) = 1030
 humidity (in percentage) = 52
2019-01-04 16:43:19.572438
LE HAVRE
 Temperature (in Celsius) = 5.36
 atmospheric pressure (in hPa unit) = 1040
 humidity (in percentage) = 80
2019-01-04 16:43:19.724306
BORDEAUX
 Temperature (in Celsius) = 6.0
 atmospheric pressure (in hPa unit) = 1036
 humidity (in percentage) = 56
2019-01-04 16:43:19.820986
MARSEILLE
 Temperature (in Celsius) = 8.81
 atmospheric pressure (in hPa unit) = 1030
 humidity (in percentage) = 52
2019-01-04 16:44:19.937381
LE HAVRE
 Temperature (in Celsius) = 5.36
 atmospheric pressure (in hPa unit) = 1040
 humidity (in percentage) = 80
2019-01-04 16:44:20.041864
BORDEAUX
 Temperature (in Celsius) = 6.0
 atmospheric pressure (in hPa unit) = 1036
 humidity (in percentage) = 56
2019-01-04 16:44:20.131141
MARSEILLE
 Temperature (in Celsius) = 8.81
 atmospheric pressure (in hPa unit) = 1030
 humidity (in percentage) = 52
2019-01-04 16:45:20.329381
LE HAVRE
 Temperature (in Celsius) = 5.36
 atmospheric pressure (in hPa unit) = 1040
 humidity (in percentage) = 80
2019-01-04 16:45:20.420777
BORDEAUX
 Temperature (in Celsius) = 6.0
 atmospheric pressure (in hPa unit) = 1036
 humidity (in percentage) = 56
2019-01-04 16:45:20.553929
MARSEILLE
 Temperature (in Celsius) = 8.81
 atmospheric pressure (in hPa unit) = 1030
 humidity (in percentage) = 52
2019-01-04 16:51:59.516636
LE HAVRE
 Temperature (in Celsius) = 5.36
 atmospheric pressure (in hPa unit) = 1040
 humidity (in percentage) = 80
2019-01-04 16:51:59.676384
BORDEAUX
 Temperature (in Celsius) = 6.0
 atmospheric pressure (in hPa unit) = 1036
 humidity (in percentage) = 56
2019-01-04 16:51:59.830841
MARSEILLE
 Temperature (in Celsius) = 8.81
 atmospheric pressure (in hPa unit) = 1030
 humidity (in percentage) = 52
2019-01-04 16:54:13.213540
LE HAVRE
 Temperature (in Celsius) = 5.36
 atmospheric pressure (in hPa unit) = 1040
 humidity (in percentage) = 80
2019-01-04 16:54:13.362681
BORDEAUX
 Temperature (in Celsius) = 6.0
 atmospheric pressure (in hPa unit) = 1036
 humidity (in percentage) = 56
2019-01-04 16:54:13.459100
MARSEILLE
 Temperature (in Celsius) = 8.81
 atmospheric pressure (in hPa unit) = 1030
 humidity (in percentage) = 52
2019-01-04 16:54:50.157802
LE HAVRE
 Temperature (in Celsius) = 5.36
 atmospheric pressure (in hPa unit) = 1040
 humidity (in percentage) = 80
2019-01-04 16:54:50.353349
BORDEAUX
 Temperature (in Celsius) = 6.0
 atmospheric pressure (in hPa unit) = 1036
 humidity (in percentage) = 56
2019-01-04 16:54:50.447603
MARSEILLE
 Temperature (in Celsius) = 8.81
 atmospheric pressure (in hPa unit) = 1030
 humidity (in percentage) = 52
2019-01-04 17:01:33.360771
LE HAVRE
 Temperature (in Celsius) = 5.36
 atmospheric pressure (in hPa unit) = 1040
 humidity (in percentage) = 80
2019-01-04 17:01:33.474475
BORDEAUX
 Temperature (in Celsius) = 6.0
 atmospheric pressure (in hPa unit) = 1036
 humidity (in percentage) = 56
2019-01-04 17:01:33.647637
MARSEILLE
 Temperature (in Celsius) = 8.82
 atmospheric pressure (in hPa unit) = 1030
 humidity (in percentage) = 52
2019-01-04 17:14:31.804832
LE HAVRE
 Temperature (in Celsius) = 5.03
 atmospheric pressure (in hPa unit) = 1040
 humidity (in percentage) = 80
2019-01-04 17:14:31.909019
BORDEAUX
 Temperature (in Celsius) = 6.0
 atmospheric pressure (in hPa unit) = 1036
 humidity (in percentage) = 60
2019-01-04 17:14:32.085903
MARSEILLE
 Temperature (in Celsius) = 8.25
 atmospheric pressure (in hPa unit) = 1030
 humidity (in percentage) = 52
2019-01-04 20:35:34.995140
LE HAVRE
 Temperature (in Celsius) = 4.32
 atmospheric pressure (in hPa unit) = 1040
 humidity (in percentage) = 80
2019-01-04 20:35:35.228539
BORDEAUX
 Temperature (in Celsius) = 0.79
 atmospheric pressure (in hPa unit) = 1036
 humidity (in percentage) = 90
2019-01-04 20:35:35.371638
MARSEILLE
 Temperature (in Celsius) = 4.77
 atmospheric pressure (in hPa unit) = 1030
 humidity (in percentage) = 69
2019-01-04 20:51:38.324899
LE HAVRE
 Temperature (in Celsius) = 4.32
 atmospheric pressure (in hPa unit) = 1040
 humidity (in percentage) = 80
2019-01-04 20:51:38.468161
BORDEAUX
 Temperature (in Celsius) = 0.74
 atmospheric pressure (in hPa unit) = 1036
 humidity (in percentage) = 90
2019-01-04 20:51:38.604439
MARSEILLE
 Temperature (in Celsius) = 4.77
 atmospheric pressure (in hPa unit) = 1030
 humidity (in percentage) = 69
2019-01-04 20:56:14.374112
LE HAVRE
 Temperature (in Celsius) = 4.32
 atmospheric pressure (in hPa unit) = 1040
 humidity (in percentage) = 80
2019-01-04 20:56:14.498030
BORDEAUX
 Temperature (in Celsius) = 0.74
 atmospheric pressure (in hPa unit) = 1036
 humidity (in percentage) = 90
2019-01-04 20:56:14.593460
MARSEILLE
 Temperature (in Celsius) = 4.77
 atmospheric pressure (in hPa unit) = 1030
 humidity (in percentage) = 69
2019-01-04 20:57:14.789498
LE HAVRE
 Temperature (in Celsius) = 4.32
 atmospheric pressure (in hPa unit) = 1040
 humidity (in percentage) = 80
2019-01-04 20:57:14.883073
BORDEAUX
 Temperature (in Celsius) = 0.74
 atmospheric pressure (in hPa unit) = 1036
 humidity (in percentage) = 90
2019-01-04 20:57:14.984246
MARSEILLE
 Temperature (in Celsius) = 4.77
 atmospheric pressure (in hPa unit) = 1030
 humidity (in percentage) = 69
2019-01-04 20:58:15.173623
LE HAVRE
 Temperature (in Celsius) = 4.32
 atmospheric pressure (in hPa unit) = 1040
 humidity (in percentage) = 80
2019-01-04 20:58:15.267085
BORDEAUX
 Temperature (in Celsius) = 0.74
 atmospheric pressure (in hPa unit) = 1036
 humidity (in percentage) = 90
2019-01-04 20:58:15.362630
MARSEILLE
 Temperature (in Celsius) = 4.77
 atmospheric pressure (in hPa unit) = 1030
 humidity (in percentage) = 69
2019-01-04 20:59:15.527025
LE HAVRE
 Temperature (in Celsius) = 4.32
 atmospheric pressure (in hPa unit) = 1040
 humidity (in percentage) = 80
2019-01-04 20:59:15.621143
BORDEAUX
 Temperature (in Celsius) = 0.74
 atmospheric pressure (in hPa unit) = 1036
 humidity (in percentage) = 90
2019-01-04 20:59:15.716677
MARSEILLE
 Temperature (in Celsius) = 4.77
 atmospheric pressure (in hPa unit) = 1030
 humidity (in percentage) = 69
